<?xml version="1.0" encoding="UTF-8"?>
<!-- Generated by org.testng.reporters.JUnitReportReporter -->
<testsuite skipped="0" hostname="WINDOWS-CN1QL0J" name="demo.FirstTest" tests="1" failures="0" timestamp="29 Jun 2018 06:42:38 GMT" time="13.770" errors="0">
  <testcase name="test" time="13.770" classname="demo.FirstTest"/>
</testsuite> <!-- demo.FirstTest -->
