<?xml version="1.0" encoding="UTF-8"?>
<!-- Generated by org.testng.reporters.JUnitReportReporter -->
<testsuite skipped="0" hostname="WINDOWS-CN1QL0J" name="JavaLessons.Main" tests="3" failures="0" timestamp="26 Jul 2018 12:40:21 GMT" time="0.025" errors="0">
  <testcase name="test3" time="0.002" classname="JavaLessons.Main"/>
  <testcase name="test2" time="0.004" classname="JavaLessons.Main"/>
  <testcase name="test1" time="0.019" classname="JavaLessons.Main"/>
</testsuite> <!-- JavaLessons.Main -->
