<?xml version="1.0" encoding="UTF-8"?>
<!-- Generated by org.testng.reporters.JUnitReportReporter -->
<testsuite skipped="0" hostname="WINDOWS-CN1QL0J" name="demo.PhantomJSTest" tests="1" failures="0" timestamp="12 Jun 2018 08:43:02 GMT" time="17.774" errors="0">
  <testcase name="verifyFacebookTitle" time="17.774" classname="demo.PhantomJSTest"/>
</testsuite> <!-- demo.PhantomJSTest -->
