<?xml version="1.0" encoding="UTF-8"?>
<!-- Generated by org.testng.reporters.JUnitReportReporter -->
<testsuite skipped="0" hostname="WINDOWS-CN1QL0J" name="TestNGClasses.TestCase1" tests="1" failures="0" timestamp="12 Jun 2018 11:25:10 GMT" time="0.012" errors="0">
  <testcase name="testFB" time="0.012" classname="TestNGClasses.TestCase1"/>
</testsuite> <!-- TestNGClasses.TestCase1 -->
