<?xml version="1.0" encoding="UTF-8"?>
<!-- Generated by org.testng.reporters.JUnitReportReporter -->
<testsuite skipped="0" hostname="WINDOWS-CN1QL0J" name="demo.HeadlessBrowserTest" tests="1" failures="0" timestamp="15 Jun 2018 12:30:06 GMT" time="8.050" errors="0">
  <testcase name="verifyFacebookTitle" time="8.050" classname="demo.HeadlessBrowserTest"/>
</testsuite> <!-- demo.HeadlessBrowserTest -->
