<?xml version="1.0" encoding="UTF-8"?>
<!-- Generated by org.testng.reporters.JUnitReportReporter -->
<testsuite skipped="0" hostname="WINDOWS-CN1QL0J" name="demo.HandleModalWindow" tests="1" failures="0" timestamp="11 Jun 2018 08:03:20 GMT" time="51.108" errors="0">
  <testcase name="start" time="51.108" classname="demo.HandleModalWindow"/>
</testsuite> <!-- demo.HandleModalWindow -->
